2022-04-14 18:12:18.217  INFO 19240 --- [main] o.s.b.w.embedded.tomcat.TomcatWebServer  : Tomcat started on port(s): 8080 (http) with context path ''
2022-04-14 18:12:18.229  INFO 19240 --- [main] m.a.AxiosAjaxRequestApplication          : Started AxiosAjaxRequestApplication in 1.257 seconds (JVM running for 1.71)
2022-04-14 18:12:20.665  INFO 19240 --- [http-nio-8080-exec-1] o.a.c.c.C.[Tomcat].[localhost].[/]       : Initializing Spring DispatcherServlet 'dispatcherServlet'
2022-04-14 18:12:20.665  INFO 19240 --- [http-nio-8080-exec-1] o.s.web.servlet.DispatcherServlet        : Initializing Servlet 'dispatcherServlet'
2022-04-14 18:12:20.666  INFO 19240 --- [http-nio-8080-exec-1] o.s.web.servlet.DispatcherServlet        : Completed initialization in 0 ms
2022-04-14 18:12:21.945  INFO 19240 --- [http-nio-8080-exec-3] m.a.controller.MyController              : 6---8
2022-04-14 18:12:22.632  INFO 19240 --- [http-nio-8080-exec-4] m.a.controller.MyController              : 6---8
2022-04-14 18:12:22.831  INFO 19240 --- [http-nio-8080-exec-5] m.a.controller.MyController              : 6---8
2022-04-14 18:12:23.020  INFO 19240 --- [http-nio-8080-exec-6] m.a.controller.MyController              : 6---8
2022-04-14 18:12:23.194  INFO 19240 --- [http-nio-8080-exec-7] m.a.controller.MyController              : 6---8
2022-04-14 18:12:23.400  INFO 19240 --- [http-nio-8080-exec-8] m.a.controller.MyController              : 6---8
2022-04-14 18:12:23.614  INFO 19240 --- [http-nio-8080-exec-9] m.a.controller.MyController              : 6---8
2022-04-14 18:12:23.960  INFO 19240 --- [http-nio-8080-exec-10] m.a.controller.MyController              : 6---8
2022-04-14 18:12:24.281  INFO 19240 --- [http-nio-8080-exec-1] m.a.controller.MyController              : 6---8
2022-04-14 18:12:24.559  INFO 19240 --- [http-nio-8080-exec-2] m.a.controller.MyController              : 6---8
2022-04-14 18:20:07.313  INFO 19052 --- [main] m.a.AxiosAjaxRequestApplication          : Starting AxiosAjaxRequestApplication using Java 16.0.2 on mao with PID 19052 (H:\程序\大三下期\axios_ajax请求\target\classes started by mao in H:\程序\大三下期\axios_ajax请求)
2022-04-14 18:20:07.315 DEBUG 19052 --- [main] m.a.AxiosAjaxRequestApplication          : Running with Spring Boot v2.6.6, Spring v5.3.18
2022-04-14 18:20:07.316  INFO 19052 --- [main] m.a.AxiosAjaxRequestApplication          : The following 1 profile is active: "dev"
2022-04-14 18:20:07.912  INFO 19052 --- [main] o.s.b.w.embedded.tomcat.TomcatWebServer  : Tomcat initialized with port(s): 8080 (http)
2022-04-14 18:20:07.919  INFO 19052 --- [main] o.apache.catalina.core.StandardService   : Starting service [Tomcat]
2022-04-14 18:20:07.920  INFO 19052 --- [main] org.apache.catalina.core.StandardEngine  : Starting Servlet engine: [Apache Tomcat/9.0.60]
2022-04-14 18:20:07.998  INFO 19052 --- [main] o.a.c.c.C.[Tomcat].[localhost].[/]       : Initializing Spring embedded WebApplicationContext
2022-04-14 18:20:07.998  INFO 19052 --- [main] w.s.c.ServletWebServerApplicationContext : Root WebApplicationContext: initialization completed in 642 ms
2022-04-14 18:20:08.243  INFO 19052 --- [main] o.s.b.w.embedded.tomcat.TomcatWebServer  : Tomcat started on port(s): 8080 (http) with context path ''
2022-04-14 18:20:08.252  INFO 19052 --- [main] m.a.AxiosAjaxRequestApplication          : Started AxiosAjaxRequestApplication in 1.276 seconds (JVM running for 1.702)
2022-04-14 18:20:14.089  INFO 19052 --- [http-nio-8080-exec-1] o.a.c.c.C.[Tomcat].[localhost].[/]       : Initializing Spring DispatcherServlet 'dispatcherServlet'
2022-04-14 18:20:14.089  INFO 19052 --- [http-nio-8080-exec-1] o.s.web.servlet.DispatcherServlet        : Initializing Servlet 'dispatcherServlet'
2022-04-14 18:20:14.090  INFO 19052 --- [http-nio-8080-exec-1] o.s.web.servlet.DispatcherServlet        : Completed initialization in 1 ms
2022-04-14 18:20:14.109  INFO 19052 --- [http-nio-8080-exec-1] m.a.controller.MyController              : 6---8
2022-04-14 18:20:23.985  INFO 19052 --- [http-nio-8080-exec-5] m.a.controller.MyController              : 9---77
2022-04-14 18:20:24.734  INFO 19052 --- [http-nio-8080-exec-6] m.a.controller.MyController              : 9---77
2022-04-14 18:20:25.318  INFO 19052 --- [http-nio-8080-exec-7] m.a.controller.MyController              : 9---77
2022-04-14 18:21:28.169  INFO 13316 --- [main] m.a.AxiosAjaxRequestApplication          : Starting AxiosAjaxRequestApplication using Java 16.0.2 on mao with PID 13316 (H:\程序\大三下期\axios_ajax请求\target\classes started by mao in H:\程序\大三下期\axios_ajax请求)
2022-04-14 18:21:28.171 DEBUG 13316 --- [main] m.a.AxiosAjaxRequestApplication          : Running with Spring Boot v2.6.6, Spring v5.3.18
2022-04-14 18:21:28.171  INFO 13316 --- [main] m.a.AxiosAjaxRequestApplication          : The following 1 profile is active: "dev"
2022-04-14 18:21:28.743  INFO 13316 --- [main] o.s.b.w.embedded.tomcat.TomcatWebServer  : Tomcat initialized with port(s): 8080 (http)
2022-04-14 18:21:28.749  INFO 13316 --- [main] o.apache.catalina.core.StandardService   : Starting service [Tomcat]
2022-04-14 18:21:28.750  INFO 13316 --- [main] org.apache.catalina.core.StandardEngine  : Starting Servlet engine: [Apache Tomcat/9.0.60]
2022-04-14 18:21:28.825  INFO 13316 --- [main] o.a.c.c.C.[Tomcat].[localhost].[/]       : Initializing Spring embedded WebApplicationContext
2022-04-14 18:21:28.826  INFO 13316 --- [main] w.s.c.ServletWebServerApplicationContext : Root WebApplicationContext: initialization completed in 617 ms
2022-04-14 18:21:29.056  INFO 13316 --- [main] o.s.b.w.embedded.tomcat.TomcatWebServer  : Tomcat started on port(s): 8080 (http) with context path ''
2022-04-14 18:21:29.065  INFO 13316 --- [main] m.a.AxiosAjaxRequestApplication          : Started AxiosAjaxRequestApplication in 1.216 seconds (JVM running for 1.646)
2022-04-14 18:21:40.855  INFO 13316 --- [http-nio-8080-exec-1] o.a.c.c.C.[Tomcat].[localhost].[/]       : Initializing Spring DispatcherServlet 'dispatcherServlet'
2022-04-14 18:21:40.855  INFO 13316 --- [http-nio-8080-exec-1] o.s.web.servlet.DispatcherServlet        : Initializing Servlet 'dispatcherServlet'
2022-04-14 18:21:40.856  INFO 13316 --- [http-nio-8080-exec-1] o.s.web.servlet.DispatcherServlet        : Completed initialization in 1 ms
2022-04-14 18:21:41.685  INFO 13316 --- [http-nio-8080-exec-3] m.a.controller.MyController              : 9---77
2022-04-14 18:21:42.412  INFO 13316 --- [http-nio-8080-exec-4] m.a.controller.MyController              : 9---77
2022-04-14 18:21:43.012  INFO 13316 --- [http-nio-8080-exec-5] m.a.controller.MyController              : 9---77
2022-04-14 18:21:43.214  INFO 13316 --- [http-nio-8080-exec-6] m.a.controller.MyController              : 9---77
2022-04-14 18:21:43.565  INFO 13316 --- [http-nio-8080-exec-7] m.a.controller.MyController              : 9---77
2022-04-14 18:21:43.941  INFO 13316 --- [http-nio-8080-exec-8] m.a.controller.MyController              : 9---77
2022-04-14 18:21:44.313  INFO 13316 --- [http-nio-8080-exec-9] m.a.controller.MyController              : 9---77
2022-04-14 18:21:44.608  INFO 13316 --- [http-nio-8080-exec-10] m.a.controller.MyController              : 9---77
2022-04-14 18:22:18.436  INFO 13204 --- [main] m.a.AxiosAjaxRequestApplication          : Starting AxiosAjaxRequestApplication using Java 16.0.2 on mao with PID 13204 (H:\程序\大三下期\axios_ajax请求\target\classes started by mao in H:\程序\大三下期\axios_ajax请求)
2022-04-14 18:22:18.438 DEBUG 13204 --- [main] m.a.AxiosAjaxRequestApplication          : Running with Spring Boot v2.6.6, Spring v5.3.18
2022-04-14 18:22:18.439  INFO 13204 --- [main] m.a.AxiosAjaxRequestApplication          : The following 1 profile is active: "dev"
2022-04-14 18:22:19.009  INFO 13204 --- [main] o.s.b.w.embedded.tomcat.TomcatWebServer  : Tomcat initialized with port(s): 8080 (http)
2022-04-14 18:22:19.016  INFO 13204 --- [main] o.apache.catalina.core.StandardService   : Starting service [Tomcat]
2022-04-14 18:22:19.016  INFO 13204 --- [main] org.apache.catalina.core.StandardEngine  : Starting Servlet engine: [Apache Tomcat/9.0.60]
2022-04-14 18:22:19.086  INFO 13204 --- [main] o.a.c.c.C.[Tomcat].[localhost].[/]       : Initializing Spring embedded WebApplicationContext
2022-04-14 18:22:19.087  INFO 13204 --- [main] w.s.c.ServletWebServerApplicationContext : Root WebApplicationContext: initialization completed in 608 ms
2022-04-14 18:22:19.316  INFO 13204 --- [main] o.s.b.w.embedded.tomcat.TomcatWebServer  : Tomcat started on port(s): 8080 (http) with context path ''
2022-04-14 18:22:19.324  INFO 13204 --- [main] m.a.AxiosAjaxRequestApplication          : Started AxiosAjaxRequestApplication in 1.19 seconds (JVM running for 1.616)
2022-04-14 18:22:21.875  INFO 13204 --- [http-nio-8080-exec-1] o.a.c.c.C.[Tomcat].[localhost].[/]       : Initializing Spring DispatcherServlet 'dispatcherServlet'
2022-04-14 18:22:21.875  INFO 13204 --- [http-nio-8080-exec-1] o.s.web.servlet.DispatcherServlet        : Initializing Servlet 'dispatcherServlet'
2022-04-14 18:22:21.876  INFO 13204 --- [http-nio-8080-exec-1] o.s.web.servlet.DispatcherServlet        : Completed initialization in 1 ms
2022-04-14 18:22:22.957  INFO 13204 --- [http-nio-8080-exec-5] m.a.controller.MyController              : 9---77
2022-04-14 18:22:23.845  INFO 13204 --- [http-nio-8080-exec-4] m.a.controller.MyController              : 9---77
2022-04-14 18:22:24.048  INFO 13204 --- [http-nio-8080-exec-3] m.a.controller.MyController              : 9---77
2022-04-14 18:22:56.789  INFO 8388 --- [main] m.a.AxiosAjaxRequestApplication          : Starting AxiosAjaxRequestApplication using Java 16.0.2 on mao with PID 8388 (H:\程序\大三下期\axios_ajax请求\target\classes started by mao in H:\程序\大三下期\axios_ajax请求)
2022-04-14 18:22:56.791 DEBUG 8388 --- [main] m.a.AxiosAjaxRequestApplication          : Running with Spring Boot v2.6.6, Spring v5.3.18
2022-04-14 18:22:56.792  INFO 8388 --- [main] m.a.AxiosAjaxRequestApplication          : The following 1 profile is active: "dev"
2022-04-14 18:22:57.379  INFO 8388 --- [main] o.s.b.w.embedded.tomcat.TomcatWebServer  : Tomcat initialized with port(s): 8080 (http)
2022-04-14 18:22:57.385  INFO 8388 --- [main] o.apache.catalina.core.StandardService   : Starting service [Tomcat]
2022-04-14 18:22:57.385  INFO 8388 --- [main] org.apache.catalina.core.StandardEngine  : Starting Servlet engine: [Apache Tomcat/9.0.60]
2022-04-14 18:22:57.460  INFO 8388 --- [main] o.a.c.c.C.[Tomcat].[localhost].[/]       : Initializing Spring embedded WebApplicationContext
2022-04-14 18:22:57.460  INFO 8388 --- [main] w.s.c.ServletWebServerApplicationContext : Root WebApplicationContext: initialization completed in 631 ms
2022-04-14 18:22:57.696  INFO 8388 --- [main] o.s.b.w.embedded.tomcat.TomcatWebServer  : Tomcat started on port(s): 8080 (http) with context path ''
2022-04-14 18:22:57.705  INFO 8388 --- [main] m.a.AxiosAjaxRequestApplication          : Started AxiosAjaxRequestApplication in 1.232 seconds (JVM running for 1.661)
2022-04-14 18:23:00.198  INFO 8388 --- [http-nio-8080-exec-1] o.a.c.c.C.[Tomcat].[localhost].[/]       : Initializing Spring DispatcherServlet 'dispatcherServlet'
2022-04-14 18:23:00.198  INFO 8388 --- [http-nio-8080-exec-1] o.s.web.servlet.DispatcherServlet        : Initializing Servlet 'dispatcherServlet'
2022-04-14 18:23:00.199  INFO 8388 --- [http-nio-8080-exec-1] o.s.web.servlet.DispatcherServlet        : Completed initialization in 1 ms
2022-04-14 18:23:01.275  INFO 8388 --- [http-nio-8080-exec-3] m.a.controller.MyController              : null
2022-04-14 18:23:01.276  INFO 8388 --- [http-nio-8080-exec-3] m.a.controller.MyController              : 9---77
2022-04-14 18:23:20.472  INFO 8388 --- [http-nio-8080-exec-6] m.a.controller.MyController              : null
2022-04-14 18:23:20.472  INFO 8388 --- [http-nio-8080-exec-6] m.a.controller.MyController              : 9---77
2022-04-14 18:23:21.888  INFO 8388 --- [http-nio-8080-exec-7] m.a.controller.MyController              : null
2022-04-14 18:23:21.889  INFO 8388 --- [http-nio-8080-exec-7] m.a.controller.MyController              : 9---77
2022-04-14 18:23:22.125  INFO 8388 --- [http-nio-8080-exec-8] m.a.controller.MyController              : null
2022-04-14 18:23:22.125  INFO 8388 --- [http-nio-8080-exec-8] m.a.controller.MyController              : 9---77
2022-04-14 18:23:22.543  INFO 8388 --- [http-nio-8080-exec-9] m.a.controller.MyController              : null
2022-04-14 18:23:22.543  INFO 8388 --- [http-nio-8080-exec-9] m.a.controller.MyController              : 9---77
2022-04-14 18:23:22.946  INFO 8388 --- [http-nio-8080-exec-10] m.a.controller.MyController              : null
2022-04-14 18:23:22.947  INFO 8388 --- [http-nio-8080-exec-10] m.a.controller.MyController              : 9---77
2022-04-14 18:23:23.297  INFO 8388 --- [http-nio-8080-exec-1] m.a.controller.MyController              : null
2022-04-14 18:23:23.297  INFO 8388 --- [http-nio-8080-exec-1] m.a.controller.MyController              : 9---77
2022-04-14 18:23:23.638  INFO 8388 --- [http-nio-8080-exec-2] m.a.controller.MyController              : null
2022-04-14 18:23:23.638  INFO 8388 --- [http-nio-8080-exec-2] m.a.controller.MyController              : 9---77
2022-04-14 18:23:23.937  INFO 8388 --- [http-nio-8080-exec-3] m.a.controller.MyController              : null
2022-04-14 18:23:23.938  INFO 8388 --- [http-nio-8080-exec-3] m.a.controller.MyController              : 9---77
2022-04-14 18:23:24.140  INFO 8388 --- [http-nio-8080-exec-4] m.a.controller.MyController              : null
2022-04-14 18:23:24.140  INFO 8388 --- [http-nio-8080-exec-4] m.a.controller.MyController              : 9---77
2022-04-14 18:24:54.667  INFO 10800 --- [main] m.a.AxiosAjaxRequestApplication          : Starting AxiosAjaxRequestApplication using Java 16.0.2 on mao with PID 10800 (H:\程序\大三下期\axios_ajax请求\target\classes started by mao in H:\程序\大三下期\axios_ajax请求)
2022-04-14 18:24:54.670 DEBUG 10800 --- [main] m.a.AxiosAjaxRequestApplication          : Running with Spring Boot v2.6.6, Spring v5.3.18
2022-04-14 18:24:54.670  INFO 10800 --- [main] m.a.AxiosAjaxRequestApplication          : The following 1 profile is active: "dev"
2022-04-14 18:24:55.243  INFO 10800 --- [main] o.s.b.w.embedded.tomcat.TomcatWebServer  : Tomcat initialized with port(s): 8080 (http)
2022-04-14 18:24:55.249  INFO 10800 --- [main] o.apache.catalina.core.StandardService   : Starting service [Tomcat]
2022-04-14 18:24:55.250  INFO 10800 --- [main] org.apache.catalina.core.StandardEngine  : Starting Servlet engine: [Apache Tomcat/9.0.60]
2022-04-14 18:24:55.363  INFO 10800 --- [main] o.a.c.c.C.[Tomcat].[localhost].[/]       : Initializing Spring embedded WebApplicationContext
2022-04-14 18:24:55.363  INFO 10800 --- [main] w.s.c.ServletWebServerApplicationContext : Root WebApplicationContext: initialization completed in 655 ms
2022-04-14 18:24:55.595  INFO 10800 --- [main] o.s.b.w.embedded.tomcat.TomcatWebServer  : Tomcat started on port(s): 8080 (http) with context path ''
2022-04-14 18:24:55.606  INFO 10800 --- [main] m.a.AxiosAjaxRequestApplication          : Started AxiosAjaxRequestApplication in 1.257 seconds (JVM running for 1.683)
2022-04-14 18:24:58.808  INFO 10800 --- [http-nio-8080-exec-1] o.a.c.c.C.[Tomcat].[localhost].[/]       : Initializing Spring DispatcherServlet 'dispatcherServlet'
2022-04-14 18:24:58.808  INFO 10800 --- [http-nio-8080-exec-1] o.s.web.servlet.DispatcherServlet        : Initializing Servlet 'dispatcherServlet'
2022-04-14 18:24:58.809  INFO 10800 --- [http-nio-8080-exec-1] o.s.web.servlet.DispatcherServlet        : Completed initialization in 0 ms
2022-04-14 18:24:59.675  INFO 10800 --- [http-nio-8080-exec-4] m.a.controller.MyController              : null
2022-04-14 18:24:59.676  INFO 10800 --- [http-nio-8080-exec-4] m.a.controller.MyController              : 9---77
2022-04-14 18:25:00.401  INFO 10800 --- [http-nio-8080-exec-5] m.a.controller.MyController              : null
2022-04-14 18:25:00.401  INFO 10800 --- [http-nio-8080-exec-5] m.a.controller.MyController              : 9---77
2022-04-14 18:25:00.720  INFO 10800 --- [http-nio-8080-exec-6] m.a.controller.MyController              : null
2022-04-14 18:25:00.720  INFO 10800 --- [http-nio-8080-exec-6] m.a.controller.MyController              : 9---77
